18/01/2016 17:51:58 honest  WWW.HONEST.COM STARTING ( USER HOVERS OVER 5 SUB MENU ELEMENTS TESTS ) 
18/01/2016 17:52:12 honest ~~~~~~~~~ Loading in Firefox Browser ~~~~~~~~~
18/01/2016 17:52:27 honest  NAVIGATING TO ... https://www.honest.com/
18/01/2016 17:52:28 honest  First name = Ali Hamza
18/01/2016 17:52:28 honest  Last name = Ibrahim
18/01/2016 17:52:28 honest  Email = funnel200@gustr.com
18/01/2016 17:52:29 honest  Password = passwordFunnel
18/01/2016 17:52:29 honest  CREATE TRIAL ACCOUNT BUTTON [ CLICKED ]  
18/01/2016 17:52:43 honest STAIN REMOVER FROM SUB MENU [ CLICKED ] 
18/01/2016 17:52:58 honest Increased Qty By : 4
18/01/2016 17:52:59 honest  BUY NOW BUTTON [ CLICKED ] 
18/01/2016 17:53:01 honest  CHECK OUT DROP DOWN BUTTON [ CLICKED ] 
18/01/2016 17:53:12 honest  ITEM NAME / PRICE VERIFICATION [ PASSED ] 
18/01/2016 17:53:16 honest  PROCEED TO CHECKOUT BUTTON [ CLICKED ] 
18/01/2016 17:53:25 honest Entered First name : Ali Hamza
18/01/2016 17:53:25 honest Entered Last name : Ibrahim
18/01/2016 17:53:25 honest Entered Street address : 915 N Garfield Ave
18/01/2016 17:53:26 honest Selected country name : United States
18/01/2016 17:53:26 honest Entered City name : Alhambra
18/01/2016 17:53:27 honest Selected State name : California
18/01/2016 17:53:28 honest Entered Zip Code : 91801
18/01/2016 17:53:28 honest Entered Phone number : 626-617-0556
18/01/2016 17:53:31 honest Save and Continue Button [ CLICKED ] 
18/01/2016 17:53:31 honest  --------------------------- CLOSING ALL PAGES --------------------------- 
